{"/home/iago/Documents/school/codes/ijunior/ijunior_semana3/Projeto1-typescripy/database/index.ts": {"path":"/home/iago/Documents/school/codes/ijunior/ijunior_semana3/Projeto1-typescripy/database/index.ts","statementMap":{"0":{"start":{"line":1,"column":0},"end":{"line":1,"column":38}},"1":{"start":{"line":4,"column":18},"end":{"line":4,"column":35}},"2":{"start":{"line":6,"column":4},"end":{"line":8,"column":null}},"3":{"start":{"line":7,"column":8},"end":{"line":7,"column":60}},"4":{"start":{"line":10,"column":4},"end":{"line":10,"column":17}},"5":{"start":{"line":3,"column":0},"end":{"line":3,"column":16}},"6":{"start":{"line":13,"column":13},"end":{"line":16,"column":3}}},"fnMap":{"0":{"name":"getEnv","decl":{"start":{"line":3,"column":16},"end":{"line":3,"column":22}},"loc":{"start":{"line":3,"column":35},"end":{"line":11,"column":1}}}},"branchMap":{"0":{"loc":{"start":{"line":6,"column":4},"end":{"line":8,"column":null}},"type":"if","locations":[{"start":{"line":6,"column":4},"end":{"line":8,"column":null}}]}},"s":{"0":2,"1":0,"2":0,"3":0,"4":0,"5":2,"6":2},"f":{"0":0},"b":{"0":[0]}}
,"/home/iago/Documents/school/codes/ijunior/ijunior_semana3/Projeto1-typescripy/errors/NotAuthorizedError.ts": {"path":"/home/iago/Documents/school/codes/ijunior/ijunior_semana3/Projeto1-typescripy/errors/NotAuthorizedError.ts","statementMap":{"0":{"start":{"line":6,"column":8},"end":{"line":6,"column":19}},"1":{"start":{"line":7,"column":8},"end":{"line":7,"column":41}},"2":{"start":{"line":4,"column":0},"end":{"line":4,"column":13}}},"fnMap":{"0":{"name":"(anonymous_0)","decl":{"start":{"line":5,"column":4},"end":{"line":5,"column":16}},"loc":{"start":{"line":5,"column":27},"end":{"line":8,"column":5}}}},"branchMap":{},"s":{"0":0,"1":0,"2":2},"f":{"0":0},"b":{}}
,"/home/iago/Documents/school/codes/ijunior/ijunior_semana3/Projeto1-typescripy/errors/PermissionError.ts": {"path":"/home/iago/Documents/school/codes/ijunior/ijunior_semana3/Projeto1-typescripy/errors/PermissionError.ts","statementMap":{"0":{"start":{"line":6,"column":8},"end":{"line":6,"column":19}},"1":{"start":{"line":7,"column":8},"end":{"line":7,"column":38}},"2":{"start":{"line":4,"column":0},"end":{"line":4,"column":13}}},"fnMap":{"0":{"name":"(anonymous_0)","decl":{"start":{"line":5,"column":4},"end":{"line":5,"column":16}},"loc":{"start":{"line":5,"column":27},"end":{"line":8,"column":5}}}},"branchMap":{},"s":{"0":0,"1":0,"2":2},"f":{"0":0},"b":{}}
,"/home/iago/Documents/school/codes/ijunior/ijunior_semana3/Projeto1-typescripy/errors/QueryError.ts": {"path":"/home/iago/Documents/school/codes/ijunior/ijunior_semana3/Projeto1-typescripy/errors/QueryError.ts","statementMap":{"0":{"start":{"line":6,"column":8},"end":{"line":6,"column":19}},"1":{"start":{"line":7,"column":8},"end":{"line":7,"column":33}},"2":{"start":{"line":4,"column":0},"end":{"line":4,"column":13}}},"fnMap":{"0":{"name":"(anonymous_0)","decl":{"start":{"line":5,"column":4},"end":{"line":5,"column":16}},"loc":{"start":{"line":5,"column":27},"end":{"line":8,"column":5}}}},"branchMap":{},"s":{"0":0,"1":0,"2":4},"f":{"0":0},"b":{}}
,"/home/iago/Documents/school/codes/ijunior/ijunior_semana3/Projeto1-typescripy/src/domains/Artistas/models/Artista.ts": {"path":"/home/iago/Documents/school/codes/ijunior/ijunior_semana3/Projeto1-typescripy/src/domains/Artistas/models/Artista.ts","statementMap":{"0":{"start":{"line":1,"column":0},"end":{"line":1,"column":55}},"1":{"start":{"line":2,"column":0},"end":{"line":2,"column":105}},"2":{"start":{"line":13,"column":13},"end":{"line":45,"column":3}},"3":{"start":{"line":47,"column":0},"end":{"line":51,"column":38}},"4":{"start":{"line":49,"column":8},"end":{"line":49,"column":57}},"5":{"start":{"line":51,"column":20},"end":{"line":51,"column":36}}},"fnMap":{"0":{"name":"(anonymous_0)","decl":{"start":{"line":48,"column":10},"end":{"line":48,"column":13}},"loc":{"start":{"line":48,"column":15},"end":{"line":50,"column":5}}},"1":{"name":"(anonymous_1)","decl":{"start":{"line":51,"column":11},"end":{"line":51,"column":12}},"loc":{"start":{"line":51,"column":20},"end":{"line":51,"column":36}}}},"branchMap":{},"s":{"0":2,"1":2,"2":2,"3":2,"4":0,"5":0},"f":{"0":0,"1":0},"b":{}}
,"/home/iago/Documents/school/codes/ijunior/ijunior_semana3/Projeto1-typescripy/src/domains/Artistas/services/ArtistaService.ts": {"path":"/home/iago/Documents/school/codes/ijunior/ijunior_semana3/Projeto1-typescripy/src/domains/Artistas/services/ArtistaService.ts","statementMap":{"0":{"start":{"line":1,"column":0},"end":{"line":1,"column":61}},"1":{"start":{"line":2,"column":0},"end":{"line":2,"column":53}},"2":{"start":{"line":3,"column":0},"end":{"line":3,"column":59}},"3":{"start":{"line":9,"column":8},"end":{"line":9,"column":35}},"4":{"start":{"line":14,"column":25},"end":{"line":14,"column":48}},"5":{"start":{"line":16,"column":8},"end":{"line":16,"column":73}},"6":{"start":{"line":16,"column":22},"end":{"line":16,"column":73}},"7":{"start":{"line":18,"column":8},"end":{"line":18,"column":24}},"8":{"start":{"line":23,"column":24},"end":{"line":23,"column":76}},"9":{"start":{"line":25,"column":8},"end":{"line":27,"column":null}},"10":{"start":{"line":26,"column":12},"end":{"line":26,"column":60}},"11":{"start":{"line":29,"column":8},"end":{"line":29,"column":23}},"12":{"start":{"line":33,"column":24},"end":{"line":33,"column":50}},"13":{"start":{"line":35,"column":8},"end":{"line":37,"column":null}},"14":{"start":{"line":36,"column":12},"end":{"line":36,"column":60}},"15":{"start":{"line":39,"column":8},"end":{"line":39,"column":23}},"16":{"start":{"line":43,"column":24},"end":{"line":43,"column":91}},"17":{"start":{"line":45,"column":8},"end":{"line":47,"column":null}},"18":{"start":{"line":46,"column":12},"end":{"line":46,"column":60}},"19":{"start":{"line":49,"column":8},"end":{"line":49,"column":23}},"20":{"start":{"line":53,"column":24},"end":{"line":53,"column":56}},"21":{"start":{"line":54,"column":8},"end":{"line":54,"column":35}},"22":{"start":{"line":59,"column":24},"end":{"line":59,"column":50}},"23":{"start":{"line":61,"column":8},"end":{"line":63,"column":null}},"24":{"start":{"line":62,"column":12},"end":{"line":62,"column":60}},"25":{"start":{"line":65,"column":8},"end":{"line":65,"column":26}},"26":{"start":{"line":6,"column":0},"end":{"line":6,"column":13}},"27":{"start":{"line":69,"column":13},"end":{"line":69,"column":58}}},"fnMap":{"0":{"name":"(anonymous_7)","decl":{"start":{"line":8,"column":10},"end":{"line":8,"column":26}},"loc":{"start":{"line":8,"column":60},"end":{"line":10,"column":null}}},"1":{"name":"(anonymous_9)","decl":{"start":{"line":13,"column":10},"end":{"line":13,"column":23}},"loc":{"start":{"line":13,"column":23},"end":{"line":19,"column":null}}},"2":{"name":"(anonymous_11)","decl":{"start":{"line":22,"column":10},"end":{"line":22,"column":29}},"loc":{"start":{"line":22,"column":42},"end":{"line":30,"column":null}}},"3":{"name":"(anonymous_13)","decl":{"start":{"line":32,"column":10},"end":{"line":32,"column":27}},"loc":{"start":{"line":32,"column":38},"end":{"line":40,"column":null}}},"4":{"name":"(anonymous_15)","decl":{"start":{"line":42,"column":10},"end":{"line":42,"column":32}},"loc":{"start":{"line":42,"column":45},"end":{"line":50,"column":null}}},"5":{"name":"(anonymous_17)","decl":{"start":{"line":52,"column":10},"end":{"line":52,"column":23}},"loc":{"start":{"line":52,"column":69},"end":{"line":55,"column":null}}},"6":{"name":"(anonymous_19)","decl":{"start":{"line":58,"column":10},"end":{"line":58,"column":24}},"loc":{"start":{"line":58,"column":35},"end":{"line":66,"column":null}}}},"branchMap":{"0":{"loc":{"start":{"line":16,"column":8},"end":{"line":16,"column":73}},"type":"if","locations":[{"start":{"line":16,"column":8},"end":{"line":16,"column":73}}]},"1":{"loc":{"start":{"line":25,"column":8},"end":{"line":27,"column":null}},"type":"if","locations":[{"start":{"line":25,"column":8},"end":{"line":27,"column":null}}]},"2":{"loc":{"start":{"line":35,"column":8},"end":{"line":37,"column":null}},"type":"if","locations":[{"start":{"line":35,"column":8},"end":{"line":37,"column":null}}]},"3":{"loc":{"start":{"line":45,"column":8},"end":{"line":47,"column":null}},"type":"if","locations":[{"start":{"line":45,"column":8},"end":{"line":47,"column":null}}]},"4":{"loc":{"start":{"line":61,"column":8},"end":{"line":63,"column":null}},"type":"if","locations":[{"start":{"line":61,"column":8},"end":{"line":63,"column":null}}]}},"s":{"0":1,"1":1,"2":1,"3":0,"4":0,"5":0,"6":0,"7":0,"8":0,"9":0,"10":0,"11":0,"12":0,"13":0,"14":0,"15":0,"16":0,"17":0,"18":0,"19":0,"20":0,"21":0,"22":1,"23":1,"24":0,"25":1,"26":1,"27":1},"f":{"0":0,"1":0,"2":0,"3":0,"4":0,"5":0,"6":1},"b":{"0":[0],"1":[0],"2":[0],"3":[0],"4":[0]}}
,"/home/iago/Documents/school/codes/ijunior/ijunior_semana3/Projeto1-typescripy/src/domains/Musicas/services/MusicaService.ts": {"path":"/home/iago/Documents/school/codes/ijunior/ijunior_semana3/Projeto1-typescripy/src/domains/Musicas/services/MusicaService.ts","statementMap":{"0":{"start":{"line":1,"column":0},"end":{"line":1,"column":56}},"1":{"start":{"line":2,"column":0},"end":{"line":2,"column":58}},"2":{"start":{"line":4,"column":0},"end":{"line":4,"column":59}},"3":{"start":{"line":10,"column":23},"end":{"line":10,"column":72}},"4":{"start":{"line":12,"column":8},"end":{"line":14,"column":null}},"5":{"start":{"line":13,"column":12},"end":{"line":13,"column":59}},"6":{"start":{"line":16,"column":8},"end":{"line":16,"column":25}},"7":{"start":{"line":20,"column":23},"end":{"line":20,"column":48}},"8":{"start":{"line":22,"column":8},"end":{"line":24,"column":null}},"9":{"start":{"line":23,"column":12},"end":{"line":23,"column":59}},"10":{"start":{"line":26,"column":8},"end":{"line":26,"column":25}},"11":{"start":{"line":31,"column":23},"end":{"line":31,"column":45}},"12":{"start":{"line":33,"column":8},"end":{"line":33,"column":71}},"13":{"start":{"line":33,"column":20},"end":{"line":33,"column":71}},"14":{"start":{"line":35,"column":8},"end":{"line":35,"column":22}},"15":{"start":{"line":40,"column":23},"end":{"line":40,"column":72}},"16":{"start":{"line":42,"column":8},"end":{"line":44,"column":null}},"17":{"start":{"line":43,"column":12},"end":{"line":43,"column":59}},"18":{"start":{"line":46,"column":8},"end":{"line":46,"column":22}},"19":{"start":{"line":50,"column":23},"end":{"line":50,"column":48}},"20":{"start":{"line":52,"column":8},"end":{"line":54,"column":null}},"21":{"start":{"line":53,"column":12},"end":{"line":53,"column":59}},"22":{"start":{"line":56,"column":8},"end":{"line":56,"column":22}},"23":{"start":{"line":60,"column":23},"end":{"line":60,"column":92}},"24":{"start":{"line":62,"column":8},"end":{"line":64,"column":null}},"25":{"start":{"line":63,"column":12},"end":{"line":63,"column":59}},"26":{"start":{"line":66,"column":8},"end":{"line":66,"column":22}},"27":{"start":{"line":71,"column":55},"end":{"line":71,"column":63}},"28":{"start":{"line":72,"column":8},"end":{"line":72,"column":68}},"29":{"start":{"line":77,"column":23},"end":{"line":77,"column":54}},"30":{"start":{"line":78,"column":8},"end":{"line":78,"column":34}},"31":{"start":{"line":6,"column":0},"end":{"line":6,"column":13}},"32":{"start":{"line":83,"column":13},"end":{"line":83,"column":55}}},"fnMap":{"0":{"name":"(anonymous_7)","decl":{"start":{"line":9,"column":10},"end":{"line":9,"column":23}},"loc":{"start":{"line":9,"column":36},"end":{"line":17,"column":null}}},"1":{"name":"(anonymous_9)","decl":{"start":{"line":19,"column":10},"end":{"line":19,"column":28}},"loc":{"start":{"line":19,"column":39},"end":{"line":27,"column":null}}},"2":{"name":"(anonymous_11)","decl":{"start":{"line":30,"column":10},"end":{"line":30,"column":22}},"loc":{"start":{"line":30,"column":22},"end":{"line":36,"column":null}}},"3":{"name":"(anonymous_13)","decl":{"start":{"line":39,"column":10},"end":{"line":39,"column":28}},"loc":{"start":{"line":39,"column":41},"end":{"line":47,"column":null}}},"4":{"name":"(anonymous_15)","decl":{"start":{"line":49,"column":10},"end":{"line":49,"column":26}},"loc":{"start":{"line":49,"column":37},"end":{"line":57,"column":null}}},"5":{"name":"(anonymous_17)","decl":{"start":{"line":59,"column":10},"end":{"line":59,"column":31}},"loc":{"start":{"line":59,"column":44},"end":{"line":67,"column":null}}},"6":{"name":"(anonymous_19)","decl":{"start":{"line":70,"column":10},"end":{"line":70,"column":25}},"loc":{"start":{"line":70,"column":62},"end":{"line":73,"column":null}}},"7":{"name":"(anonymous_21)","decl":{"start":{"line":76,"column":10},"end":{"line":76,"column":22}},"loc":{"start":{"line":76,"column":67},"end":{"line":79,"column":null}}}},"branchMap":{"0":{"loc":{"start":{"line":12,"column":8},"end":{"line":14,"column":null}},"type":"if","locations":[{"start":{"line":12,"column":8},"end":{"line":14,"column":null}}]},"1":{"loc":{"start":{"line":22,"column":8},"end":{"line":24,"column":null}},"type":"if","locations":[{"start":{"line":22,"column":8},"end":{"line":24,"column":null}}]},"2":{"loc":{"start":{"line":33,"column":8},"end":{"line":33,"column":71}},"type":"if","locations":[{"start":{"line":33,"column":8},"end":{"line":33,"column":71}}]},"3":{"loc":{"start":{"line":42,"column":8},"end":{"line":44,"column":null}},"type":"if","locations":[{"start":{"line":42,"column":8},"end":{"line":44,"column":null}}]},"4":{"loc":{"start":{"line":52,"column":8},"end":{"line":54,"column":null}},"type":"if","locations":[{"start":{"line":52,"column":8},"end":{"line":54,"column":null}}]},"5":{"loc":{"start":{"line":62,"column":8},"end":{"line":64,"column":null}},"type":"if","locations":[{"start":{"line":62,"column":8},"end":{"line":64,"column":null}}]}},"s":{"0":2,"1":2,"2":2,"3":0,"4":0,"5":0,"6":0,"7":0,"8":0,"9":0,"10":0,"11":0,"12":0,"13":0,"14":0,"15":0,"16":0,"17":0,"18":0,"19":3,"20":3,"21":0,"22":3,"23":0,"24":0,"25":0,"26":0,"27":0,"28":0,"29":1,"30":1,"31":2,"32":2},"f":{"0":0,"1":0,"2":0,"3":0,"4":3,"5":0,"6":0,"7":1},"b":{"0":[0],"1":[0],"2":[0],"3":[0],"4":[0],"5":[0]}}
,"/home/iago/Documents/school/codes/ijunior/ijunior_semana3/Projeto1-typescripy/src/domains/Usuarios/constants/userRoles.ts": {"path":"/home/iago/Documents/school/codes/ijunior/ijunior_semana3/Projeto1-typescripy/src/domains/Usuarios/constants/userRoles.ts","statementMap":{"0":{"start":{"line":1,"column":13},"end":{"line":4,"column":2}}},"fnMap":{},"branchMap":{},"s":{"0":2},"f":{},"b":{}}
,"/home/iago/Documents/school/codes/ijunior/ijunior_semana3/Projeto1-typescripy/src/domains/Usuarios/service/UsuarioService.ts": {"path":"/home/iago/Documents/school/codes/ijunior/ijunior_semana3/Projeto1-typescripy/src/domains/Usuarios/service/UsuarioService.ts","statementMap":{"0":{"start":{"line":1,"column":0},"end":{"line":1,"column":30}},"1":{"start":{"line":2,"column":0},"end":{"line":2,"column":59}},"2":{"start":{"line":4,"column":0},"end":{"line":4,"column":51}},"3":{"start":{"line":5,"column":0},"end":{"line":5,"column":59}},"4":{"start":{"line":6,"column":0},"end":{"line":6,"column":75}},"5":{"start":{"line":7,"column":0},"end":{"line":7,"column":69}},"6":{"start":{"line":12,"column":27},"end":{"line":12,"column":29}},"7":{"start":{"line":13,"column":32},"end":{"line":13,"column":64}},"8":{"start":{"line":14,"column":8},"end":{"line":14,"column":31}},"9":{"start":{"line":19,"column":8},"end":{"line":21,"column":null}},"10":{"start":{"line":20,"column":12},"end":{"line":20,"column":101}},"11":{"start":{"line":23,"column":24},"end":{"line":23,"column":75}},"12":{"start":{"line":25,"column":8},"end":{"line":27,"column":null}},"13":{"start":{"line":26,"column":12},"end":{"line":26,"column":57}},"14":{"start":{"line":29,"column":28},"end":{"line":34,"column":10}},"15":{"start":{"line":35,"column":8},"end":{"line":35,"column":67}},"16":{"start":{"line":37,"column":8},"end":{"line":37,"column":42}},"17":{"start":{"line":42,"column":8},"end":{"line":44,"column":null}},"18":{"start":{"line":43,"column":12},"end":{"line":43,"column":93}},"19":{"start":{"line":45,"column":8},"end":{"line":47,"column":null}},"20":{"start":{"line":46,"column":12},"end":{"line":46,"column":89}},"21":{"start":{"line":49,"column":24},"end":{"line":49,"column":56}},"22":{"start":{"line":51,"column":8},"end":{"line":53,"column":null}},"23":{"start":{"line":52,"column":12},"end":{"line":52,"column":64}},"24":{"start":{"line":55,"column":8},"end":{"line":55,"column":35}},"25":{"start":{"line":60,"column":25},"end":{"line":60,"column":48}},"26":{"start":{"line":62,"column":8},"end":{"line":62,"column":72}},"27":{"start":{"line":62,"column":22},"end":{"line":62,"column":72}},"28":{"start":{"line":64,"column":8},"end":{"line":64,"column":24}},"29":{"start":{"line":68,"column":24},"end":{"line":68,"column":50}},"30":{"start":{"line":70,"column":8},"end":{"line":72,"column":null}},"31":{"start":{"line":71,"column":12},"end":{"line":71,"column":55}},"32":{"start":{"line":74,"column":8},"end":{"line":74,"column":23}},"33":{"start":{"line":79,"column":8},"end":{"line":80,"column":83}},"34":{"start":{"line":80,"column":12},"end":{"line":80,"column":83}},"35":{"start":{"line":82,"column":24},"end":{"line":82,"column":56}},"36":{"start":{"line":83,"column":8},"end":{"line":83,"column":32}},"37":{"start":{"line":87,"column":24},"end":{"line":87,"column":50}},"38":{"start":{"line":89,"column":8},"end":{"line":91,"column":null}},"39":{"start":{"line":90,"column":12},"end":{"line":90,"column":59}},"40":{"start":{"line":93,"column":8},"end":{"line":93,"column":26}},"41":{"start":{"line":10,"column":0},"end":{"line":10,"column":13}},"42":{"start":{"line":97,"column":13},"end":{"line":97,"column":57}}},"fnMap":{"0":{"name":"(anonymous_7)","decl":{"start":{"line":11,"column":10},"end":{"line":11,"column":25}},"loc":{"start":{"line":11,"column":41},"end":{"line":15,"column":null}}},"1":{"name":"(anonymous_9)","decl":{"start":{"line":18,"column":10},"end":{"line":18,"column":26}},"loc":{"start":{"line":18,"column":58},"end":{"line":38,"column":null}}},"2":{"name":"(anonymous_11)","decl":{"start":{"line":41,"column":10},"end":{"line":41,"column":16}},"loc":{"start":{"line":41,"column":75},"end":{"line":56,"column":null}}},"3":{"name":"(anonymous_13)","decl":{"start":{"line":59,"column":10},"end":{"line":59,"column":23}},"loc":{"start":{"line":59,"column":23},"end":{"line":65,"column":null}}},"4":{"name":"(anonymous_15)","decl":{"start":{"line":67,"column":10},"end":{"line":67,"column":27}},"loc":{"start":{"line":67,"column":38},"end":{"line":75,"column":null}}},"5":{"name":"(anonymous_17)","decl":{"start":{"line":78,"column":10},"end":{"line":78,"column":16}},"loc":{"start":{"line":78,"column":49},"end":{"line":84,"column":null}}},"6":{"name":"(anonymous_19)","decl":{"start":{"line":86,"column":10},"end":{"line":86,"column":29}},"loc":{"start":{"line":86,"column":40},"end":{"line":94,"column":null}}}},"branchMap":{"0":{"loc":{"start":{"line":19,"column":8},"end":{"line":21,"column":null}},"type":"if","locations":[{"start":{"line":19,"column":8},"end":{"line":21,"column":null}}]},"1":{"loc":{"start":{"line":25,"column":8},"end":{"line":27,"column":null}},"type":"if","locations":[{"start":{"line":25,"column":8},"end":{"line":27,"column":null}}]},"2":{"loc":{"start":{"line":42,"column":8},"end":{"line":44,"column":null}},"type":"if","locations":[{"start":{"line":42,"column":8},"end":{"line":44,"column":null}}]},"3":{"loc":{"start":{"line":42,"column":12},"end":{"line":42,"column":70}},"type":"binary-expr","locations":[{"start":{"line":42,"column":12},"end":{"line":42,"column":47}},{"start":{"line":42,"column":51},"end":{"line":42,"column":70}}]},"4":{"loc":{"start":{"line":45,"column":8},"end":{"line":47,"column":null}},"type":"if","locations":[{"start":{"line":45,"column":8},"end":{"line":47,"column":null}}]},"5":{"loc":{"start":{"line":45,"column":12},"end":{"line":45,"column":95}},"type":"binary-expr","locations":[{"start":{"line":45,"column":12},"end":{"line":45,"column":22}},{"start":{"line":45,"column":26},"end":{"line":45,"column":61}},{"start":{"line":45,"column":65},"end":{"line":45,"column":95}}]},"6":{"loc":{"start":{"line":51,"column":8},"end":{"line":53,"column":null}},"type":"if","locations":[{"start":{"line":51,"column":8},"end":{"line":53,"column":null}}]},"7":{"loc":{"start":{"line":62,"column":8},"end":{"line":62,"column":72}},"type":"if","locations":[{"start":{"line":62,"column":8},"end":{"line":62,"column":72}}]},"8":{"loc":{"start":{"line":70,"column":8},"end":{"line":72,"column":null}},"type":"if","locations":[{"start":{"line":70,"column":8},"end":{"line":72,"column":null}}]},"9":{"loc":{"start":{"line":79,"column":8},"end":{"line":80,"column":83}},"type":"if","locations":[{"start":{"line":79,"column":8},"end":{"line":80,"column":83}}]},"10":{"loc":{"start":{"line":89,"column":8},"end":{"line":91,"column":null}},"type":"if","locations":[{"start":{"line":89,"column":8},"end":{"line":91,"column":null}}]}},"s":{"0":2,"1":2,"2":2,"3":2,"4":2,"5":2,"6":0,"7":0,"8":0,"9":0,"10":0,"11":0,"12":0,"13":0,"14":0,"15":0,"16":0,"17":0,"18":0,"19":0,"20":0,"21":0,"22":0,"23":0,"24":0,"25":1,"26":1,"27":0,"28":1,"29":2,"30":2,"31":0,"32":2,"33":0,"34":0,"35":0,"36":0,"37":0,"38":0,"39":0,"40":0,"41":2,"42":2},"f":{"0":0,"1":0,"2":0,"3":1,"4":2,"5":0,"6":0},"b":{"0":[0],"1":[0],"2":[0],"3":[0,0],"4":[0],"5":[0,0,0],"6":[0],"7":[0],"8":[0],"9":[0],"10":[0]}}
,"/home/iago/Documents/school/codes/ijunior/ijunior_semana3/Projeto1-typescripy/src/domains/UsuariosMusicas/service/UsuarioMusicaService.ts": {"path":"/home/iago/Documents/school/codes/ijunior/ijunior_semana3/Projeto1-typescripy/src/domains/UsuariosMusicas/service/UsuarioMusicaService.ts","statementMap":{"0":{"start":{"line":2,"column":0},"end":{"line":2,"column":56}},"1":{"start":{"line":3,"column":0},"end":{"line":3,"column":71}},"2":{"start":{"line":4,"column":0},"end":{"line":4,"column":69}},"3":{"start":{"line":5,"column":0},"end":{"line":5,"column":53}},"4":{"start":{"line":6,"column":0},"end":{"line":6,"column":56}},"5":{"start":{"line":10,"column":24},"end":{"line":10,"column":73}},"6":{"start":{"line":11,"column":23},"end":{"line":11,"column":69}},"7":{"start":{"line":13,"column":8},"end":{"line":13,"column":83}},"8":{"start":{"line":17,"column":24},"end":{"line":25,"column":10}},"9":{"start":{"line":27,"column":8},"end":{"line":27,"column":23}},"10":{"start":{"line":31,"column":25},"end":{"line":39,"column":10}},"11":{"start":{"line":41,"column":8},"end":{"line":41,"column":24}},"12":{"start":{"line":45,"column":24},"end":{"line":45,"column":73}},"13":{"start":{"line":46,"column":23},"end":{"line":46,"column":69}},"14":{"start":{"line":47,"column":8},"end":{"line":52,"column":11}},"15":{"start":{"line":8,"column":0},"end":{"line":8,"column":13}},"16":{"start":{"line":56,"column":13},"end":{"line":56,"column":69}}},"fnMap":{"0":{"name":"(anonymous_7)","decl":{"start":{"line":9,"column":10},"end":{"line":9,"column":32}},"loc":{"start":{"line":9,"column":68},"end":{"line":14,"column":null}}},"1":{"name":"(anonymous_9)","decl":{"start":{"line":16,"column":10},"end":{"line":16,"column":32}},"loc":{"start":{"line":16,"column":50},"end":{"line":28,"column":null}}},"2":{"name":"(anonymous_11)","decl":{"start":{"line":30,"column":10},"end":{"line":30,"column":32}},"loc":{"start":{"line":30,"column":49},"end":{"line":42,"column":null}}},"3":{"name":"(anonymous_13)","decl":{"start":{"line":44,"column":10},"end":{"line":44,"column":30}},"loc":{"start":{"line":44,"column":66},"end":{"line":53,"column":null}}}},"branchMap":{},"s":{"0":1,"1":1,"2":1,"3":1,"4":1,"5":1,"6":1,"7":1,"8":1,"9":1,"10":1,"11":1,"12":1,"13":1,"14":1,"15":1,"16":1},"f":{"0":1,"1":1,"2":1,"3":1},"b":{}}
}
