TN:
SF:database/index.ts
FN:3,getEnv
FNF:1
FNH:0
FNDA:0,getEnv
DA:1,2
DA:3,2
DA:4,0
DA:6,0
DA:7,0
DA:10,0
DA:13,2
LF:7
LH:3
BRDA:6,0,0,0
BRF:1
BRH:0
end_of_record
TN:
SF:errors/NotAuthorizedError.ts
FN:5,(anonymous_0)
FNF:1
FNH:0
FNDA:0,(anonymous_0)
DA:4,2
DA:6,0
DA:7,0
LF:3
LH:1
BRF:0
BRH:0
end_of_record
TN:
SF:errors/PermissionError.ts
FN:5,(anonymous_0)
FNF:1
FNH:0
FNDA:0,(anonymous_0)
DA:4,2
DA:6,0
DA:7,0
LF:3
LH:1
BRF:0
BRH:0
end_of_record
TN:
SF:errors/QueryError.ts
FN:5,(anonymous_0)
FNF:1
FNH:0
FNDA:0,(anonymous_0)
DA:4,4
DA:6,0
DA:7,0
LF:3
LH:1
BRF:0
BRH:0
end_of_record
TN:
SF:src/domains/Artistas/models/Artista.ts
FN:48,(anonymous_0)
FN:51,(anonymous_1)
FNF:2
FNH:0
FNDA:0,(anonymous_0)
FNDA:0,(anonymous_1)
DA:1,2
DA:2,2
DA:13,2
DA:47,2
DA:49,0
DA:51,0
LF:6
LH:4
BRF:0
BRH:0
end_of_record
TN:
SF:src/domains/Artistas/services/ArtistaService.ts
FN:8,(anonymous_7)
FN:13,(anonymous_9)
FN:22,(anonymous_11)
FN:32,(anonymous_13)
FN:42,(anonymous_15)
FN:52,(anonymous_17)
FN:58,(anonymous_19)
FNF:7
FNH:1
FNDA:0,(anonymous_7)
FNDA:0,(anonymous_9)
FNDA:0,(anonymous_11)
FNDA:0,(anonymous_13)
FNDA:0,(anonymous_15)
FNDA:0,(anonymous_17)
FNDA:1,(anonymous_19)
DA:1,1
DA:2,1
DA:3,1
DA:6,1
DA:9,0
DA:14,0
DA:16,0
DA:18,0
DA:23,0
DA:25,0
DA:26,0
DA:29,0
DA:33,0
DA:35,0
DA:36,0
DA:39,0
DA:43,0
DA:45,0
DA:46,0
DA:49,0
DA:53,0
DA:54,0
DA:59,1
DA:61,1
DA:62,0
DA:65,1
DA:69,1
LF:27
LH:8
BRDA:16,0,0,0
BRDA:25,1,0,0
BRDA:35,2,0,0
BRDA:45,3,0,0
BRDA:61,4,0,0
BRF:5
BRH:0
end_of_record
TN:
SF:src/domains/Musicas/services/MusicaService.ts
FN:9,(anonymous_7)
FN:19,(anonymous_9)
FN:30,(anonymous_11)
FN:39,(anonymous_13)
FN:49,(anonymous_15)
FN:59,(anonymous_17)
FN:70,(anonymous_19)
FN:76,(anonymous_21)
FNF:8
FNH:2
FNDA:0,(anonymous_7)
FNDA:0,(anonymous_9)
FNDA:0,(anonymous_11)
FNDA:0,(anonymous_13)
FNDA:3,(anonymous_15)
FNDA:0,(anonymous_17)
FNDA:0,(anonymous_19)
FNDA:1,(anonymous_21)
DA:1,2
DA:2,2
DA:4,2
DA:6,2
DA:10,0
DA:12,0
DA:13,0
DA:16,0
DA:20,0
DA:22,0
DA:23,0
DA:26,0
DA:31,0
DA:33,0
DA:35,0
DA:40,0
DA:42,0
DA:43,0
DA:46,0
DA:50,3
DA:52,3
DA:53,0
DA:56,3
DA:60,0
DA:62,0
DA:63,0
DA:66,0
DA:71,0
DA:72,0
DA:77,1
DA:78,1
DA:83,2
LF:32
LH:10
BRDA:12,0,0,0
BRDA:22,1,0,0
BRDA:33,2,0,0
BRDA:42,3,0,0
BRDA:52,4,0,0
BRDA:62,5,0,0
BRF:6
BRH:0
end_of_record
TN:
SF:src/domains/Usuarios/constants/userRoles.ts
FNF:0
FNH:0
DA:1,2
LF:1
LH:1
BRF:0
BRH:0
end_of_record
TN:
SF:src/domains/Usuarios/service/UsuarioService.ts
FN:11,(anonymous_7)
FN:18,(anonymous_9)
FN:41,(anonymous_11)
FN:59,(anonymous_13)
FN:67,(anonymous_15)
FN:78,(anonymous_17)
FN:86,(anonymous_19)
FNF:7
FNH:2
FNDA:0,(anonymous_7)
FNDA:0,(anonymous_9)
FNDA:0,(anonymous_11)
FNDA:1,(anonymous_13)
FNDA:2,(anonymous_15)
FNDA:0,(anonymous_17)
FNDA:0,(anonymous_19)
DA:1,2
DA:2,2
DA:4,2
DA:5,2
DA:6,2
DA:7,2
DA:10,2
DA:12,0
DA:13,0
DA:14,0
DA:19,0
DA:20,0
DA:23,0
DA:25,0
DA:26,0
DA:29,0
DA:35,0
DA:37,0
DA:42,0
DA:43,0
DA:45,0
DA:46,0
DA:49,0
DA:51,0
DA:52,0
DA:55,0
DA:60,1
DA:62,1
DA:64,1
DA:68,2
DA:70,2
DA:71,0
DA:74,2
DA:79,0
DA:80,0
DA:82,0
DA:83,0
DA:87,0
DA:89,0
DA:90,0
DA:93,0
DA:97,2
LF:42
LH:14
BRDA:19,0,0,0
BRDA:25,1,0,0
BRDA:42,2,0,0
BRDA:42,3,0,0
BRDA:42,3,1,0
BRDA:45,4,0,0
BRDA:45,5,0,0
BRDA:45,5,1,0
BRDA:45,5,2,0
BRDA:51,6,0,0
BRDA:62,7,0,0
BRDA:70,8,0,0
BRDA:79,9,0,0
BRDA:89,10,0,0
BRF:14
BRH:0
end_of_record
TN:
SF:src/domains/UsuariosMusicas/service/UsuarioMusicaService.ts
FN:9,(anonymous_7)
FN:16,(anonymous_9)
FN:30,(anonymous_11)
FN:44,(anonymous_13)
FNF:4
FNH:4
FNDA:1,(anonymous_7)
FNDA:1,(anonymous_9)
FNDA:1,(anonymous_11)
FNDA:1,(anonymous_13)
DA:2,1
DA:3,1
DA:4,1
DA:5,1
DA:6,1
DA:8,1
DA:10,1
DA:11,1
DA:13,1
DA:17,1
DA:27,1
DA:31,1
DA:41,1
DA:45,1
DA:46,1
DA:47,1
DA:56,1
LF:17
LH:17
BRF:0
BRH:0
end_of_record
